<?xml version="1.0" encoding="UTF-8"?>
<!-- Generated by org.testng.reporters.JUnitXMLReporter -->
<testsuite ignored="0" hostname="LAPTOP-SLURSDT2" failures="0" tests="5" name="changpin-person" time="200.793" errors="0" timestamp="14 2月 2020 12:01:30 GMT">
  <testcase classname="pms.test.changpinperson.AddcpPersonTest" name="addPerson_CP" time="35.652"/>
  <testcase classname="pms.test.changpinperson.SearchcpDepartTest" name="searchDepart" time="7.219"/>
  <testcase classname="pms.test.changpinperson.SearchcpPersonTest" name="SearchBySFZ" time="10.644"/>
  <testcase classname="pms.test.changpinperson.SearchcpPersonTest" name="SearchByXM" time="6.458"/>
  <testcase classname="pms.test.changpinperson.DeletecpPersonTest" name="deletePerson_CP" time="13.557"/>
</testsuite> <!-- changpin-person -->
