<?xml version="1.0" encoding="UTF-8"?>
<!-- Generated by org.testng.reporters.JUnitXMLReporter -->
<testsuite ignored="0" hostname="LAPTOP-SLURSDT2" failures="0" tests="4" name="manger" time="170.959" errors="0" timestamp="14 2月 2020 11:49:11 GMT">
  <testcase classname="pms.test.manger.ChangePasswordTest" name="ChangePassword_success" time="62.279"/>
  <testcase classname="pms.test.manger.LoginTest" name="login_fail" time="17.39"/>
  <testcase classname="pms.test.manger.LoginTest" name="login_success" time="16.822"/>
  <testcase classname="pms.test.manger.LogoutTest" name="logout_success" time="24.95"/>
</testsuite> <!-- manger -->
