<?xml version="1.0" encoding="UTF-8"?>
<!-- Generated by org.testng.reporters.JUnitXMLReporter -->
<testsuite ignored="0" hostname="LAPTOP-SLURSDT2" failures="1" tests="7" name="person" time="332.863" errors="0" timestamp="14 2月 2020 11:58:07 GMT">
  <testcase classname="pms.test.person.AddPersonTest" name="addPerson" time="14.437">
    <failure type="java.lang.NullPointerException">
      <![CDATA[java.lang.NullPointerException
at com.google.common.base.Preconditions.checkNotNull(Preconditions.java:787)
at org.openqa.selenium.interactions.PointerInput$Origin.fromElement(PointerInput.java:221)
at org.openqa.selenium.interactions.Actions.moveInTicks(Actions.java:418)
at org.openqa.selenium.interactions.Actions.doubleClick(Actions.java:363)
at com.pms.core.WebDriverEngine.doubleclick(WebDriverEngine.java:93)
at pms.test.person.AddPersonTest.addPerson(Unknown Source)
... Removed 24 stack frames]]>
    </failure>
  </testcase> <!-- addPerson -->
  <testcase classname="pms.test.person.EditKaoheTest" name="addKaohe" time="28.926"/>
  <testcase classname="pms.test.person.EditStudyTest" name="addXLXX" time="47.841"/>
  <testcase classname="pms.test.person.SearchPersonTest" name="searchPersonBySFZ" time="10.569"/>
  <testcase classname="pms.test.person.SearchPersonTest" name="searchPersonByXM" time="6.418"/>
  <testcase classname="pms.test.person.SearchDepartmentTest" name="searchDepart" time="7.268"/>
  <testcase classname="pms.test.person.DeletePersonTest" name="deletePerson" time="31.713"/>
</testsuite> <!-- person -->
