<?xml version="1.0" encoding="UTF-8"?>
<!-- Generated by org.testng.reporters.JUnitReportReporter -->
<testsuite hostname="LAPTOP-SLURSDT2" failures="0" tests="2" name="com.pms.test.manger.LoginTest" time="34.161" errors="0" timestamp="14 2月 2020 02:40:09 GMT" skipped="0">
  <testcase classname="com.pms.test.manger.LoginTest" name="login_fail" time="17.581"/>
  <testcase classname="com.pms.test.manger.LoginTest" name="login_success" time="16.580"/>
</testsuite> <!-- com.pms.test.manger.LoginTest -->
