<?xml version="1.0" encoding="UTF-8"?>
<!-- Generated by org.testng.reporters.JUnitReportReporter -->
<testsuite hostname="LAPTOP-SLURSDT2" failures="0" tests="1" name="pms.test.person.AddPersonTest" time="14.437" errors="1" timestamp="14 2月 2020 12:02:47 GMT" skipped="0">
  <testcase classname="pms.test.person.AddPersonTest" name="addPerson" time="14.437">
    <error type="java.lang.NullPointerException">
      <![CDATA[java.lang.NullPointerException
at com.google.common.base.Preconditions.checkNotNull(Preconditions.java:787)
at org.openqa.selenium.interactions.PointerInput$Origin.fromElement(PointerInput.java:221)
at org.openqa.selenium.interactions.Actions.moveInTicks(Actions.java:418)
at org.openqa.selenium.interactions.Actions.doubleClick(Actions.java:363)
at com.pms.core.WebDriverEngine.doubleclick(WebDriverEngine.java:93)
at pms.test.person.AddPersonTest.addPerson(Unknown Source)
at java.base/jdk.internal.reflect.NativeMethodAccessorImpl.invoke0(Native Method)
at java.base/jdk.internal.reflect.NativeMethodAccessorImpl.invoke(NativeMethodAccessorImpl.java:62)
at java.base/jdk.internal.reflect.DelegatingMethodAccessorImpl.invoke(DelegatingMethodAccessorImpl.java:43)
at java.base/java.lang.reflect.Method.invoke(Method.java:564)
at org.testng.internal.MethodInvocationHelper.invokeMethod(MethodInvocationHelper.java:124)
at org.testng.internal.Invoker.invokeMethod(Invoker.java:580)
at org.testng.internal.Invoker.invokeTestMethod(Invoker.java:716)
at org.testng.internal.Invoker.invokeTestMethods(Invoker.java:988)
at org.testng.internal.TestMethodWorker.invokeTestMethods(TestMethodWorker.java:125)
at org.testng.internal.TestMethodWorker.run(TestMethodWorker.java:109)
at org.testng.TestRunner.privateRun(TestRunner.java:648)
at org.testng.TestRunner.run(TestRunner.java:505)
at org.testng.SuiteRunner.runTest(SuiteRunner.java:455)
at org.testng.SuiteRunner.runSequentially(SuiteRunner.java:450)
at org.testng.SuiteRunner.privateRun(SuiteRunner.java:415)
at org.testng.SuiteRunner.run(SuiteRunner.java:364)
at org.testng.SuiteRunnerWorker.runSuite(SuiteRunnerWorker.java:52)
at org.testng.SuiteRunnerWorker.run(SuiteRunnerWorker.java:84)
at org.testng.TestNG.runSuitesSequentially(TestNG.java:1208)
at org.testng.TestNG.runSuitesLocally(TestNG.java:1137)
at org.testng.TestNG.runSuites(TestNG.java:1049)
at org.testng.TestNG.run(TestNG.java:1017)
at org.testng.TestNG.privateMain(TestNG.java:1354)
at org.testng.TestNG.main(TestNG.java:1323)
]]>
    </error>
  </testcase> <!-- addPerson -->
</testsuite> <!-- pms.test.person.AddPersonTest -->
