<?xml version="1.0" encoding="UTF-8"?>
<!-- Generated by org.testng.reporters.JUnitReportReporter -->
<testsuite hostname="LAPTOP-SLURSDT2" failures="0" tests="2" name="com.pms.test.department.AllowanceTest" time="59.503" errors="0" timestamp="14 2月 2020 02:40:09 GMT" skipped="0">
  <testcase classname="com.pms.test.department.AllowanceTest" name="addAllowance" time="49.983"/>
  <testcase classname="com.pms.test.department.AllowanceTest" name="deleteAllowance" time="9.520"/>
</testsuite> <!-- com.pms.test.department.AllowanceTest -->
