<?xml version="1.0" encoding="UTF-8"?>
<!-- Generated by org.testng.reporters.JUnitReportReporter -->
<testsuite hostname="LAPTOP-SLURSDT2" failures="0" tests="2" name="com.pms.test.changpinperson.SearchcpPersonTest" time="17.031" errors="0" timestamp="14 2月 2020 02:40:09 GMT" skipped="0">
  <testcase classname="com.pms.test.changpinperson.SearchcpPersonTest" name="SearchByXM" time="6.398"/>
  <testcase classname="com.pms.test.changpinperson.SearchcpPersonTest" name="SearchBySFZ" time="10.633"/>
</testsuite> <!-- com.pms.test.changpinperson.SearchcpPersonTest -->
