<?xml version="1.0" encoding="UTF-8"?>
<!-- Generated by org.testng.reporters.JUnitReportReporter -->
<testsuite hostname="LAPTOP-SLURSDT2" failures="0" tests="3" name="pms.test.department.SearchDepartmentTest" time="13.677" errors="0" timestamp="14 2月 2020 12:02:47 GMT" skipped="0">
  <testcase classname="pms.test.department.SearchDepartmentTest" name="searchtest" time="7.293"/>
  <testcase classname="pms.test.department.SearchDepartmentTest" name="searchtest" time="3.163"/>
  <testcase classname="pms.test.department.SearchDepartmentTest" name="searchtest" time="3.221"/>
</testsuite> <!-- pms.test.department.SearchDepartmentTest -->
