<?xml version="1.0" encoding="UTF-8"?>
<!-- Generated by org.testng.reporters.JUnitReportReporter -->
<testsuite hostname="LAPTOP-SLURSDT2" failures="0" tests="2" name="pms.test.person.SearchPersonTest" time="16.987" errors="0" timestamp="14 2月 2020 12:02:47 GMT" skipped="0">
  <testcase classname="pms.test.person.SearchPersonTest" name="searchPersonByXM" time="6.418"/>
  <testcase classname="pms.test.person.SearchPersonTest" name="searchPersonBySFZ" time="10.569"/>
</testsuite> <!-- pms.test.person.SearchPersonTest -->
