<?xml version="1.0" encoding="UTF-8"?>
<!-- Generated by org.testng.reporters.JUnitReportReporter -->
<testsuite hostname="LAPTOP-SLURSDT2" failures="0" tests="3" name="com.pms.test.department.SearchDepartmentTest" time="13.558" errors="0" timestamp="14 2月 2020 02:40:09 GMT" skipped="0">
  <testcase classname="com.pms.test.department.SearchDepartmentTest" name="searchtest" time="3.148"/>
  <testcase classname="com.pms.test.department.SearchDepartmentTest" name="searchtest" time="7.243"/>
  <testcase classname="com.pms.test.department.SearchDepartmentTest" name="searchtest" time="3.167"/>
</testsuite> <!-- com.pms.test.department.SearchDepartmentTest -->
