<?xml version="1.0" encoding="UTF-8"?>
<!-- Generated by org.testng.reporters.JUnitReportReporter -->
<testsuite hostname="LAPTOP-SLURSDT2" failures="0" tests="2" name="com.pms.test.person.SearchPersonTest" time="16.738" errors="0" timestamp="14 2月 2020 02:40:09 GMT" skipped="0">
  <testcase classname="com.pms.test.person.SearchPersonTest" name="searchPersonByXM" time="6.212"/>
  <testcase classname="com.pms.test.person.SearchPersonTest" name="searchPersonBySFZ" time="10.526"/>
</testsuite> <!-- com.pms.test.person.SearchPersonTest -->
