<?xml version="1.0" encoding="UTF-8"?>
<!-- Generated by org.testng.reporters.JUnitReportReporter -->
<testsuite hostname="LAPTOP-SLURSDT2" failures="0" tests="2" name="pms.test.changpinperson.SearchcpPersonTest" time="17.102" errors="0" timestamp="14 2月 2020 12:02:47 GMT" skipped="0">
  <testcase classname="pms.test.changpinperson.SearchcpPersonTest" name="SearchBySFZ" time="10.644"/>
  <testcase classname="pms.test.changpinperson.SearchcpPersonTest" name="SearchByXM" time="6.458"/>
</testsuite> <!-- pms.test.changpinperson.SearchcpPersonTest -->
