<?xml version="1.0" encoding="UTF-8"?>
<testsuite name="department"
           tests="3"
           failures="0"
           errors="0"
           skipped="0"
           time="13.558">
  <properties />
  
  
            <testcase name="searchtest" time="3.148" classname="com.pms.test.department.SearchDepartmentTest" />
                <testcase name="searchtest" time="7.243" classname="com.pms.test.department.SearchDepartmentTest" />
                <testcase name="searchtest" time="3.167" classname="com.pms.test.department.SearchDepartmentTest" />
      
</testsuite>
